0 info it worked if it ends with ok
1 verbose cli [ '/usr/local/bin/node', '/usr/local/bin/npm', 'run', 'lint' ]
2 info using npm@3.10.3
3 info using node@v6.5.0
4 verbose run-script [ 'prelint', 'lint', 'postlint' ]
5 info lifecycle Cart@1.0.0~prelint: Cart@1.0.0
6 silly lifecycle Cart@1.0.0~prelint: no script for prelint, continuing
7 info lifecycle Cart@1.0.0~lint: Cart@1.0.0
8 verbose lifecycle Cart@1.0.0~lint: unsafe-perm in lifecycle true
9 verbose lifecycle Cart@1.0.0~lint: PATH: /usr/local/lib/node_modules/npm/bin/node-gyp-bin:/Users/willchertoff/localhost/cart/node_modules/.bin:/usr/local/bin:/Library/Frameworks/Python.framework/Versions/3.5/bin:/usr/local/bin:/usr/bin:/bin:/usr/sbin:/sbin
10 verbose lifecycle Cart@1.0.0~lint: CWD: /Users/willchertoff/localhost/cart
11 silly lifecycle Cart@1.0.0~lint: Args: [ '-c', 'eslint --ext .js,.jsx --ignore-pattern public .' ]
12 silly lifecycle Cart@1.0.0~lint: Returned: code: 1  signal: null
13 info lifecycle Cart@1.0.0~lint: Failed to exec lint script
14 verbose stack Error: Cart@1.0.0 lint: `eslint --ext .js,.jsx --ignore-pattern public .`
14 verbose stack Exit status 1
14 verbose stack     at EventEmitter.<anonymous> (/usr/local/lib/node_modules/npm/lib/utils/lifecycle.js:242:16)
14 verbose stack     at emitTwo (events.js:106:13)
14 verbose stack     at EventEmitter.emit (events.js:191:7)
14 verbose stack     at ChildProcess.<anonymous> (/usr/local/lib/node_modules/npm/lib/utils/spawn.js:40:14)
14 verbose stack     at emitTwo (events.js:106:13)
14 verbose stack     at ChildProcess.emit (events.js:191:7)
14 verbose stack     at maybeClose (internal/child_process.js:877:16)
14 verbose stack     at Process.ChildProcess._handle.onexit (internal/child_process.js:226:5)
15 verbose pkgid Cart@1.0.0
16 verbose cwd /Users/willchertoff/localhost/cart
17 error Darwin 16.3.0
18 error argv "/usr/local/bin/node" "/usr/local/bin/npm" "run" "lint"
19 error node v6.5.0
20 error npm  v3.10.3
21 error code ELIFECYCLE
22 error Cart@1.0.0 lint: `eslint --ext .js,.jsx --ignore-pattern public .`
22 error Exit status 1
23 error Failed at the Cart@1.0.0 lint script 'eslint --ext .js,.jsx --ignore-pattern public .'.
23 error Make sure you have the latest version of node.js and npm installed.
23 error If you do, this is most likely a problem with the Cart package,
23 error not with npm itself.
23 error Tell the author that this fails on your system:
23 error     eslint --ext .js,.jsx --ignore-pattern public .
23 error You can get information on how to open an issue for this project with:
23 error     npm bugs Cart
23 error Or if that isn't available, you can get their info via:
23 error     npm owner ls Cart
23 error There is likely additional logging output above.
24 verbose exit [ 1, true ]
